[debug] [2020-05-14T08:17:48.076Z] ----------------------------------------------------------------------
[debug] [2020-05-14T08:17:48.078Z] Command:       C:\Program Files\nodejs\node.exe C:\Users\warcr\AppData\Roaming\npm\node_modules\firebase-tools\lib\bin\firebase.js deploy
[debug] [2020-05-14T08:17:48.079Z] CLI Version:   8.1.1
[debug] [2020-05-14T08:17:48.079Z] Platform:      win32
[debug] [2020-05-14T08:17:48.079Z] Node Version:  v10.16.3
[debug] [2020-05-14T08:17:48.080Z] Time:          Thu May 14 2020 10:17:48 GMT+0200 (Central European Summer Time)
[debug] [2020-05-14T08:17:48.080Z] ----------------------------------------------------------------------
[debug] [2020-05-14T08:17:48.080Z] 
[debug] [2020-05-14T08:17:48.093Z] > command requires scopes: ["email","openid","https://www.googleapis.com/auth/cloudplatformprojects.readonly","https://www.googleapis.com/auth/firebase","https://www.googleapis.com/auth/cloud-platform"]
[debug] [2020-05-14T08:17:48.094Z] > authorizing via signed-in user
[debug] [2020-05-14T08:17:48.094Z] [iam] checking project hairdresserdab for permissions ["cloudfunctions.functions.create","cloudfunctions.functions.delete","cloudfunctions.functions.get","cloudfunctions.functions.list","cloudfunctions.functions.update","cloudfunctions.operations.get","firebase.projects.get"]
[debug] [2020-05-14T08:17:48.098Z] >>> HTTP REQUEST POST https://cloudresourcemanager.googleapis.com/v1/projects/hairdresserdab:testIamPermissions  
 {"permissions":["cloudfunctions.functions.create","cloudfunctions.functions.delete","cloudfunctions.functions.get","cloudfunctions.functions.list","cloudfunctions.functions.update","cloudfunctions.operations.get","firebase.projects.get"]}
[debug] [2020-05-14T08:17:48.844Z] <<< HTTP RESPONSE 200 {"content-type":"application/json; charset=UTF-8","vary":"X-Origin, Referer, Origin,Accept-Encoding","date":"Thu, 14 May 2020 08:17:50 GMT","server":"ESF","cache-control":"private","x-xss-protection":"0","x-frame-options":"SAMEORIGIN","x-content-type-options":"nosniff","server-timing":"gfet4t7; dur=585","alt-svc":"h3-27=\":443\"; ma=2592000,h3-25=\":443\"; ma=2592000,h3-Q050=\":443\"; ma=2592000,h3-Q049=\":443\"; ma=2592000,h3-Q048=\":443\"; ma=2592000,h3-Q046=\":443\"; ma=2592000,h3-Q043=\":443\"; ma=2592000,quic=\":443\"; ma=2592000; v=\"46,43\"","accept-ranges":"none","transfer-encoding":"chunked"}
[debug] [2020-05-14T08:17:48.846Z] >>> HTTP REQUEST POST https://iam.googleapis.com/v1/projects/hairdresserdab/serviceAccounts/hairdresserdab@appspot.gserviceaccount.com:testIamPermissions  
 {"permissions":["iam.serviceAccounts.actAs"]}
[debug] [2020-05-14T08:17:49.556Z] <<< HTTP RESPONSE 200 {"content-type":"application/json; charset=UTF-8","vary":"X-Origin, Referer, Origin,Accept-Encoding","date":"Thu, 14 May 2020 08:17:50 GMT","server":"ESF","cache-control":"private","x-xss-protection":"0","x-frame-options":"SAMEORIGIN","x-content-type-options":"nosniff","alt-svc":"h3-27=\":443\"; ma=2592000,h3-25=\":443\"; ma=2592000,h3-Q050=\":443\"; ma=2592000,h3-Q049=\":443\"; ma=2592000,h3-Q048=\":443\"; ma=2592000,h3-Q046=\":443\"; ma=2592000,h3-Q043=\":443\"; ma=2592000,quic=\":443\"; ma=2592000; v=\"46,43\"","accept-ranges":"none","transfer-encoding":"chunked"}
[info] 
[info] === Deploying to 'hairdresserdab'...
[info] 
[info] i  deploying functions
[info] Running command: npm --prefix "$RESOURCE_DIR" run lint
[info] Running command: npm --prefix "$RESOURCE_DIR" run build
[info] +  functions: Finished running predeploy script.
[debug] [2020-05-14T08:18:02.210Z] > [functions] package.json contents: {
  "name": "functions",
  "scripts": {
    "lint": "tslint --project tsconfig.json",
    "build": "tsc",
    "serve": "npm run build && firebase emulators:start --only functions",
    "shell": "npm run build && firebase functions:shell",
    "start": "npm run shell",
    "deploy": "firebase deploy --only functions",
    "logs": "firebase functions:log"
  },
  "engines": {
    "node": "8"
  },
  "main": "lib/index.js",
  "dependencies": {
    "firebase-admin": "^8.10.0",
    "firebase-functions": "^3.6.0"
  },
  "devDependencies": {
    "tslint": "^5.12.0",
    "typescript": "^3.2.2",
    "firebase-functions-test": "^0.2.0"
  },
  "private": true
}
[info] i  functions: ensuring required API cloudfunctions.googleapis.com is enabled...
[debug] [2020-05-14T08:18:03.897Z] [functions] runtime dependency check dates: warning: 2020-05-21T00:00:00.000Z error: 2020-06-23T00:00:00.000Z
[debug] [2020-05-14T08:18:03.897Z] >>> HTTP REQUEST GET https://serviceusage.googleapis.com/v1/projects/hairdresserdab/services/cloudfunctions.googleapis.com  
 
[debug] [2020-05-14T08:18:03.898Z] >>> HTTP REQUEST GET https://serviceusage.googleapis.com/v1/projects/hairdresserdab/services/runtimeconfig.googleapis.com  
 
[debug] [2020-05-14T08:18:04.709Z] <<< HTTP RESPONSE 200 {"content-type":"application/json; charset=UTF-8","vary":"X-Origin, Referer, Origin,Accept-Encoding","date":"Thu, 14 May 2020 08:18:06 GMT","server":"ESF","cache-control":"private","x-xss-protection":"0","x-frame-options":"SAMEORIGIN","x-content-type-options":"nosniff","alt-svc":"h3-27=\":443\"; ma=2592000,h3-25=\":443\"; ma=2592000,h3-T050=\":443\"; ma=2592000,h3-Q050=\":443\"; ma=2592000,h3-Q049=\":443\"; ma=2592000,h3-Q048=\":443\"; ma=2592000,h3-Q046=\":443\"; ma=2592000,h3-Q043=\":443\"; ma=2592000,quic=\":443\"; ma=2592000; v=\"46,43\"","accept-ranges":"none","transfer-encoding":"chunked"}
[debug] [2020-05-14T08:18:04.764Z] <<< HTTP RESPONSE 200 {"content-type":"application/json; charset=UTF-8","vary":"X-Origin, Referer, Origin,Accept-Encoding","date":"Thu, 14 May 2020 08:18:06 GMT","server":"ESF","cache-control":"private","x-xss-protection":"0","x-frame-options":"SAMEORIGIN","x-content-type-options":"nosniff","alt-svc":"h3-27=\":443\"; ma=2592000,h3-25=\":443\"; ma=2592000,h3-T050=\":443\"; ma=2592000,h3-Q050=\":443\"; ma=2592000,h3-Q049=\":443\"; ma=2592000,h3-Q048=\":443\"; ma=2592000,h3-Q046=\":443\"; ma=2592000,h3-Q043=\":443\"; ma=2592000,quic=\":443\"; ma=2592000; v=\"46,43\"","accept-ranges":"none","transfer-encoding":"chunked"}
[info] +  functions: required API cloudfunctions.googleapis.com is enabled
[debug] [2020-05-14T08:18:04.766Z] >>> HTTP REQUEST GET https://firebase.googleapis.com/v1beta1/projects/hairdresserdab/adminSdkConfig  
 
[debug] [2020-05-14T08:18:05.049Z] <<< HTTP RESPONSE 200 {"content-type":"application/json; charset=UTF-8","vary":"X-Origin, Referer, Origin,Accept-Encoding","date":"Thu, 14 May 2020 08:18:06 GMT","server":"ESF","cache-control":"private","x-xss-protection":"0","x-frame-options":"SAMEORIGIN","x-content-type-options":"nosniff","alt-svc":"h3-27=\":443\"; ma=2592000,h3-25=\":443\"; ma=2592000,h3-Q050=\":443\"; ma=2592000,h3-Q049=\":443\"; ma=2592000,h3-Q048=\":443\"; ma=2592000,h3-Q046=\":443\"; ma=2592000,h3-Q043=\":443\"; ma=2592000,quic=\":443\"; ma=2592000; v=\"46,43\"","accept-ranges":"none","transfer-encoding":"chunked"}
[info] i  functions: preparing functions directory for uploading...
[debug] [2020-05-14T08:18:05.054Z] >>> HTTP REQUEST GET https://runtimeconfig.googleapis.com/v1beta1/projects/hairdresserdab/configs  
 
[debug] [2020-05-14T08:18:05.334Z] <<< HTTP RESPONSE 200 {"content-type":"application/json; charset=UTF-8","vary":"X-Origin, Referer, Origin,Accept-Encoding","date":"Thu, 14 May 2020 08:18:06 GMT","server":"ESF","cache-control":"private","x-xss-protection":"0","x-frame-options":"SAMEORIGIN","x-content-type-options":"nosniff","alt-svc":"h3-27=\":443\"; ma=2592000,h3-25=\":443\"; ma=2592000,h3-Q050=\":443\"; ma=2592000,h3-Q049=\":443\"; ma=2592000,h3-Q048=\":443\"; ma=2592000,h3-Q046=\":443\"; ma=2592000,h3-Q043=\":443\"; ma=2592000,quic=\":443\"; ma=2592000; v=\"46,43\"","accept-ranges":"none","transfer-encoding":"chunked"}
[info] i  functions: packaged functions (36.06 KB) for uploading
[debug] [2020-05-14T08:18:05.567Z] >>> HTTP REQUEST GET https://cloudfunctions.googleapis.com/v1/projects/hairdresserdab/locations/-/functions  
 
[debug] [2020-05-14T08:18:06.045Z] <<< HTTP RESPONSE 200 {"content-type":"application/json; charset=UTF-8","vary":"X-Origin, Referer, Origin,Accept-Encoding","date":"Thu, 14 May 2020 08:18:07 GMT","server":"ESF","cache-control":"private","x-xss-protection":"0","x-frame-options":"SAMEORIGIN","x-content-type-options":"nosniff","alt-svc":"h3-27=\":443\"; ma=2592000,h3-25=\":443\"; ma=2592000,h3-T050=\":443\"; ma=2592000,h3-Q050=\":443\"; ma=2592000,h3-Q049=\":443\"; ma=2592000,h3-Q048=\":443\"; ma=2592000,h3-Q046=\":443\"; ma=2592000,h3-Q043=\":443\"; ma=2592000,quic=\":443\"; ma=2592000; v=\"46,43\"","accept-ranges":"none","transfer-encoding":"chunked"}
[debug] [2020-05-14T08:18:06.046Z] >>> HTTP REQUEST POST https://cloudfunctions.googleapis.com/v1/projects/hairdresserdab/locations/us-central1/functions:generateUploadUrl  
 
[debug] [2020-05-14T08:18:06.579Z] <<< HTTP RESPONSE 200 {"content-type":"application/json; charset=UTF-8","vary":"X-Origin, Referer, Origin,Accept-Encoding","date":"Thu, 14 May 2020 08:18:07 GMT","server":"ESF","cache-control":"private","x-xss-protection":"0","x-frame-options":"SAMEORIGIN","x-content-type-options":"nosniff","alt-svc":"h3-27=\":443\"; ma=2592000,h3-25=\":443\"; ma=2592000,h3-T050=\":443\"; ma=2592000,h3-Q050=\":443\"; ma=2592000,h3-Q049=\":443\"; ma=2592000,h3-Q048=\":443\"; ma=2592000,h3-Q046=\":443\"; ma=2592000,h3-Q043=\":443\"; ma=2592000,quic=\":443\"; ma=2592000; v=\"46,43\"","accept-ranges":"none","transfer-encoding":"chunked"}
[debug] [2020-05-14T08:18:06.580Z] >>> HTTP REQUEST PUT https://storage.googleapis.com/gcf-upload-us-central1-2a2b077a-9c3e-4104-ba70-e6ce0d632a4f/75d2a2d7-ef61-450f-b4ee-1de898e3c0ad.zip?GoogleAccessId=service-624674820194@gcf-admin-robot.iam.gserviceaccount.com&Expires=1589446087&Signature=Hp9GOXidZwoKrTdFWZMM39BaJdCLD3U6HQgCobMBFeQdkFPtR91rZDs0P5Y%2B3ixukCmspGfgGEg5VMxyHKC%2BercYiqdzlsAE%2FUhFkTPgyMSVMr%2BKLNilyiI5Iue%2F4SkvhPAEu1wX0C21QzoEl%2FPgLGYNr76tkoukJN3f1Hhh4P%2Fjh2GJz9Gg8eJPy1id2UOK5%2BzRnGuhYrKP6B3215cG%2FG8nXZpCiwlVCAcjeXgkHcPB1sdxIDLRGvARgy9Kgeqk1HPNWgccEYAyulZ3f9dTUncEE%2FeqpuCPOugjO4kFl%2FpGEI%2F9UOmuX7qsAMZhWhFyNq3hkW4Nc%2Fo4D%2FME16WKLg%3D%3D  
 <request body omitted>
[debug] [2020-05-14T08:18:07.022Z] <<< HTTP RESPONSE 200 {"x-guploader-uploadid":"AAANsUkeZUnvb3iaiWOl-JNAjxB6zv1myNgXqoiFJ9Mh8BzPIpZ-SFwRO0bC0fUiKR4lw0JIh0WEK3Q-6RqZRLChd3U","etag":"\"0c2ec53f3cd7e938d44433e547bdfba6\"","x-goog-generation":"1589444288303466","x-goog-metageneration":"1","x-goog-hash":"crc32c=MUr5dA==, md5=DC7FPzzX6TjURDPlR737pg==","x-goog-stored-content-length":"36927","x-goog-stored-content-encoding":"identity","vary":"Origin","content-length":"0","date":"Thu, 14 May 2020 08:18:08 GMT","server":"UploadServer","content-type":"text/html; charset=UTF-8","alt-svc":"h3-27=\":443\"; ma=2592000,h3-25=\":443\"; ma=2592000,h3-Q050=\":443\"; ma=2592000,h3-Q049=\":443\"; ma=2592000,h3-Q048=\":443\"; ma=2592000,h3-Q046=\":443\"; ma=2592000,h3-Q043=\":443\"; ma=2592000,quic=\":443\"; ma=2592000; v=\"46,43\""}
[info] +  functions: functions folder uploaded successfully
[info] i  functions: creating Node.js 8 function createUserAndCartWhen1stLogin(us-central1)...
[debug] [2020-05-14T08:18:07.026Z] Trigger is:  {"eventTrigger":{"resource":"projects/hairdresserdab","eventType":"providers/firebase.auth/eventTypes/user.create","service":"firebaseauth.googleapis.com"}}
[info] i  functions: updating Node.js 8 function deleteDateConnected2UserWhenUserDelete(us-central1)...
[debug] [2020-05-14T08:18:07.027Z] Trigger is:  {"eventTrigger":{"resource":"projects/hairdresserdab/databases/(default)/documents/users/{id}","eventType":"providers/cloud.firestore/eventTypes/document.delete","service":"firestore.googleapis.com"}}
[info] 
The following functions are found in your project but do not exist in your local source code:
	createUserWhen1stLogin(us-central1)

If you are renaming a function or changing its region, it is recommended that you create the new function first before deleting the old one to prevent event loss. For more info, visit https://firebase.google.com/docs/functions/manage-functions#modify

